<?xml version="1.0" encoding="UTF-8"?>
<!-- Generated by org.testng.reporters.JUnitXMLReporter -->
<testsuite ignored="0" hostname="DESKTOP-RM20B3T" failures="3" tests="6" name="Test" time="81.121" errors="0" timestamp="2023-11-04T01:05:22 IST">
  <testcase classname="testcase.PinkGreenColorQuantityIncrease" name="changeQuantityWithGreenAndPink" time="6.169">
    <failure type="org.openqa.selenium.ElementClickInterceptedException" message="element click intercepted: Element &amp;lt;input type=&amp;quot;submit&amp;quot; value=&amp;quot;ADD TO CART&amp;quot; onclick=&amp;quot;return ec_details_add_to_cart_31( );&amp;quot;&amp;gt; is not clickable at point (551, 633). Other element would receive the click: &amp;lt;div class=&amp;quot;academy-bug-info-overlay&amp;quot; style=&amp;quot;background: rgba(0, 0, 0, 0.8); z-index: 100000; position: fixed; top: 0; left: 0; height:1861px; width:1019px;&amp;quot;&amp;gt;...&amp;lt;/div&amp;gt;
  (Session info: chrome=119.0.6045.106)
Build info: version: &amp;apos;4.14.1&amp;apos;, revision: &amp;apos;03f8ede370&amp;apos;
System info: os.name: &amp;apos;Windows 11&amp;apos;, os.arch: &amp;apos;amd64&amp;apos;, os.version: &amp;apos;10.0&amp;apos;, java.version: &amp;apos;17.0.8.1&amp;apos;
Driver info: org.openqa.selenium.chrome.ChromeDriver
Command: [ff1dd341e357661732e7d1f04a5114da, clickElement {id=BD75ADE055DA025A8DBF9C74643BB233_element_47}]
Capabilities {acceptInsecureCerts: false, browserName: chrome, browserVersion: 119.0.6045.106, chrome: {chromedriverVersion: 119.0.6045.105 (38c72552c5e..., userDataDir: C:\Users\HASHAN~1\AppData\L...}, fedcm:accounts: true, goog:chromeOptions: {debuggerAddress: localhost:52337}, networkConnectionEnabled: false, pageLoadStrategy: normal, platformName: windows, proxy: Proxy(), se:cdp: ws://localhost:52337/devtoo..., se:cdpVersion: 119.0.6045.106, setWindowRect: true, strictFileInteractability: false, timeouts: {implicit: 0, pageLoad: 300000, script: 30000}, unhandledPromptBehavior: dismiss and notify, webauthn:extension:credBlob: true, webauthn:extension:largeBlob: true, webauthn:extension:minPinLength: true, webauthn:extension:prf: true, webauthn:virtualAuthenticators: true}
Element: [[ChromeDriver: chrome on windows (ff1dd341e357661732e7d1f04a5114da)] -&amp;gt; xpath: //input[@value=&amp;apos;ADD TO CART&amp;apos;]]
Session ID: ff1dd341e357661732e7d1f04a5114da">
      <![CDATA[org.openqa.selenium.ElementClickInterceptedException: element click intercepted: Element <input type="submit" value="ADD TO CART" onclick="return ec_details_add_to_cart_31( );"> is not clickable at point (551, 633). Other element would receive the click: <div class="academy-bug-info-overlay" style="background: rgba(0, 0, 0, 0.8); z-index: 100000; position: fixed; top: 0; left: 0; height:1861px; width:1019px;">...</div>
  (Session info: chrome=119.0.6045.106)
Build info: version: '4.14.1', revision: '03f8ede370'
System info: os.name: 'Windows 11', os.arch: 'amd64', os.version: '10.0', java.version: '17.0.8.1'
Driver info: org.openqa.selenium.chrome.ChromeDriver
Command: [ff1dd341e357661732e7d1f04a5114da, clickElement {id=BD75ADE055DA025A8DBF9C74643BB233_element_47}]
Capabilities {acceptInsecureCerts: false, browserName: chrome, browserVersion: 119.0.6045.106, chrome: {chromedriverVersion: 119.0.6045.105 (38c72552c5e..., userDataDir: C:\Users\HASHAN~1\AppData\L...}, fedcm:accounts: true, goog:chromeOptions: {debuggerAddress: localhost:52337}, networkConnectionEnabled: false, pageLoadStrategy: normal, platformName: windows, proxy: Proxy(), se:cdp: ws://localhost:52337/devtoo..., se:cdpVersion: 119.0.6045.106, setWindowRect: true, strictFileInteractability: false, timeouts: {implicit: 0, pageLoad: 300000, script: 30000}, unhandledPromptBehavior: dismiss and notify, webauthn:extension:credBlob: true, webauthn:extension:largeBlob: true, webauthn:extension:minPinLength: true, webauthn:extension:prf: true, webauthn:virtualAuthenticators: true}
Element: [[ChromeDriver: chrome on windows (ff1dd341e357661732e7d1f04a5114da)] -> xpath: //input[@value='ADD TO CART']]
Session ID: ff1dd341e357661732e7d1f04a5114da
at org.openqa.selenium.remote.codec.w3c.W3CHttpResponseCodec.createException(W3CHttpResponseCodec.java:200)
at org.openqa.selenium.remote.codec.w3c.W3CHttpResponseCodec.decode(W3CHttpResponseCodec.java:133)
at org.openqa.selenium.remote.codec.w3c.W3CHttpResponseCodec.decode(W3CHttpResponseCodec.java:52)
at org.openqa.selenium.remote.HttpCommandExecutor.execute(HttpCommandExecutor.java:191)
at org.openqa.selenium.remote.service.DriverCommandExecutor.invokeExecute(DriverCommandExecutor.java:200)
at org.openqa.selenium.remote.service.DriverCommandExecutor.execute(DriverCommandExecutor.java:175)
at org.openqa.selenium.remote.RemoteWebDriver.execute(RemoteWebDriver.java:602)
at org.openqa.selenium.remote.RemoteWebElement.execute(RemoteWebElement.java:224)
at org.openqa.selenium.remote.RemoteWebElement.click(RemoteWebElement.java:77)
at base.ProductDetailsPage.clickAddToCartButton(ProductDetailsPage.java:41)
at testcase.PinkGreenColorQuantityIncrease.changeQuantityWithGreenAndPink(PinkGreenColorQuantityIncrease.java:26)
at java.base/java.util.ArrayList.forEach(ArrayList.java:1511)
... Removed 32 stack frames]]>
    </failure>
  </testcase> <!-- changeQuantityWithGreenAndPink -->
  <testcase classname="testcase.CurrencyChange" name="changeCurrencyType" time="2.992">
    <failure type="org.openqa.selenium.ElementClickInterceptedException" message="element click intercepted: Element &amp;lt;select name=&amp;quot;ec_currency_conversion&amp;quot; id=&amp;quot;ec_currency_conversion&amp;quot; class=&amp;quot;ec_currency_select&amp;quot; data-gtm-form-interact-field-id=&amp;quot;0&amp;quot;&amp;gt;...&amp;lt;/select&amp;gt; is not clickable at point (869, 157). Other element would receive the click: &amp;lt;div class=&amp;quot;academy-bug-info-overlay&amp;quot; style=&amp;quot;background: rgba(0, 0, 0, 0.8); z-index: 100000; position: fixed; top: 0; left: 0; height:1861px; width:1019px;&amp;quot;&amp;gt;...&amp;lt;/div&amp;gt;
  (Session info: chrome=119.0.6045.106)
Build info: version: &amp;apos;4.14.1&amp;apos;, revision: &amp;apos;03f8ede370&amp;apos;
System info: os.name: &amp;apos;Windows 11&amp;apos;, os.arch: &amp;apos;amd64&amp;apos;, os.version: &amp;apos;10.0&amp;apos;, java.version: &amp;apos;17.0.8.1&amp;apos;
Driver info: org.openqa.selenium.chrome.ChromeDriver
Command: [6fdd3c65da68156f64e6d56bfa175ed9, clickElement {id=9F2A30580DDE8FE7B742C5D11B4C075B_element_39}]
Capabilities {acceptInsecureCerts: false, browserName: chrome, browserVersion: 119.0.6045.106, chrome: {chromedriverVersion: 119.0.6045.105 (38c72552c5e..., userDataDir: C:\Users\HASHAN~1\AppData\L...}, fedcm:accounts: true, goog:chromeOptions: {debuggerAddress: localhost:52380}, networkConnectionEnabled: false, pageLoadStrategy: normal, platformName: windows, proxy: Proxy(), se:cdp: ws://localhost:52380/devtoo..., se:cdpVersion: 119.0.6045.106, setWindowRect: true, strictFileInteractability: false, timeouts: {implicit: 0, pageLoad: 300000, script: 30000}, unhandledPromptBehavior: dismiss and notify, webauthn:extension:credBlob: true, webauthn:extension:largeBlob: true, webauthn:extension:minPinLength: true, webauthn:extension:prf: true, webauthn:virtualAuthenticators: true}
Element: [[ChromeDriver: chrome on windows (6fdd3c65da68156f64e6d56bfa175ed9)] -&amp;gt; id: ec_currency_conversion]
Session ID: 6fdd3c65da68156f64e6d56bfa175ed9">
      <![CDATA[org.openqa.selenium.ElementClickInterceptedException: element click intercepted: Element <select name="ec_currency_conversion" id="ec_currency_conversion" class="ec_currency_select" data-gtm-form-interact-field-id="0">...</select> is not clickable at point (869, 157). Other element would receive the click: <div class="academy-bug-info-overlay" style="background: rgba(0, 0, 0, 0.8); z-index: 100000; position: fixed; top: 0; left: 0; height:1861px; width:1019px;">...</div>
  (Session info: chrome=119.0.6045.106)
Build info: version: '4.14.1', revision: '03f8ede370'
System info: os.name: 'Windows 11', os.arch: 'amd64', os.version: '10.0', java.version: '17.0.8.1'
Driver info: org.openqa.selenium.chrome.ChromeDriver
Command: [6fdd3c65da68156f64e6d56bfa175ed9, clickElement {id=9F2A30580DDE8FE7B742C5D11B4C075B_element_39}]
Capabilities {acceptInsecureCerts: false, browserName: chrome, browserVersion: 119.0.6045.106, chrome: {chromedriverVersion: 119.0.6045.105 (38c72552c5e..., userDataDir: C:\Users\HASHAN~1\AppData\L...}, fedcm:accounts: true, goog:chromeOptions: {debuggerAddress: localhost:52380}, networkConnectionEnabled: false, pageLoadStrategy: normal, platformName: windows, proxy: Proxy(), se:cdp: ws://localhost:52380/devtoo..., se:cdpVersion: 119.0.6045.106, setWindowRect: true, strictFileInteractability: false, timeouts: {implicit: 0, pageLoad: 300000, script: 30000}, unhandledPromptBehavior: dismiss and notify, webauthn:extension:credBlob: true, webauthn:extension:largeBlob: true, webauthn:extension:minPinLength: true, webauthn:extension:prf: true, webauthn:virtualAuthenticators: true}
Element: [[ChromeDriver: chrome on windows (6fdd3c65da68156f64e6d56bfa175ed9)] -> id: ec_currency_conversion]
Session ID: 6fdd3c65da68156f64e6d56bfa175ed9
at org.openqa.selenium.remote.codec.w3c.W3CHttpResponseCodec.createException(W3CHttpResponseCodec.java:200)
at org.openqa.selenium.remote.codec.w3c.W3CHttpResponseCodec.decode(W3CHttpResponseCodec.java:133)
at org.openqa.selenium.remote.codec.w3c.W3CHttpResponseCodec.decode(W3CHttpResponseCodec.java:52)
at org.openqa.selenium.remote.HttpCommandExecutor.execute(HttpCommandExecutor.java:191)
at org.openqa.selenium.remote.service.DriverCommandExecutor.invokeExecute(DriverCommandExecutor.java:200)
at org.openqa.selenium.remote.service.DriverCommandExecutor.execute(DriverCommandExecutor.java:175)
at org.openqa.selenium.remote.RemoteWebDriver.execute(RemoteWebDriver.java:602)
at org.openqa.selenium.remote.RemoteWebElement.execute(RemoteWebElement.java:224)
at org.openqa.selenium.remote.RemoteWebElement.click(RemoteWebElement.java:77)
at testcase.CurrencyChange.changeCurrencyType(CurrencyChange.java:25)
at java.base/java.util.ArrayList.forEach(ArrayList.java:1511)
... Removed 32 stack frames]]>
    </failure>
  </testcase> <!-- changeCurrencyType -->
  <testcase classname="testcase.PostComment" name="addCommentUnderProduct" time="2.675"/>
  <testcase classname="testcase.PriceFilter" name="ApplyPriceFilter" time="6.559"/>
  <testcase classname="testcase.UpdateProductCartQuantityIntoTwo" name="AddToCart" time="5.27"/>
  <testcase classname="testcase.ProductCartQuantityUpdate" name="AddToCart" time="6.716">
    <failure type="java.lang.AssertionError" message="The following asserts failed:
	Quantity verification failed expected [3] but found [2]">
      <![CDATA[java.lang.AssertionError: The following asserts failed:
Quantity verification failed expected [3] but found [2]
at testcase.ProductCartQuantityUpdate.AddToCart(ProductCartQuantityUpdate.java:45)
at java.base/java.util.ArrayList.forEach(ArrayList.java:1511)
... Removed 29 stack frames]]>
    </failure>
  </testcase> <!-- AddToCart -->
</testsuite> <!-- Test -->
